<?xml version="1.0" encoding="UTF-8"?>
<!-- Generated by org.testng.reporters.JUnitXMLReporter -->
<testsuite ignored="0" hostname="Jexin" failures="0" tests="7" name="Test" time="78.576" errors="0" timestamp="2025-07-10T10:12:46 IST">
  <testcase classname="testCases.AccountRegistrationTest" name="verify_account_registration" time="5.433"/>
  <testcase classname="testCases.LoginAccountTest" name="verify_login" time="3.181"/>
  <testcase classname="testCases.LoginDataDrivenTest" name="verify_valid_and_invalid_login" time="5.609"/>
  <testcase classname="testCases.LoginDataDrivenTest" name="verify_valid_and_invalid_login" time="13.191"/>
  <testcase classname="testCases.LoginDataDrivenTest" name="verify_valid_and_invalid_login" time="5.803"/>
  <testcase classname="testCases.LoginDataDrivenTest" name="verify_valid_and_invalid_login" time="12.855"/>
  <testcase classname="testCases.LoginDataDrivenTest" name="verify_valid_and_invalid_login" time="13.541"/>
</testsuite> <!-- Test -->
