<?xml version="1.0" encoding="UTF-8"?>
<!-- Generated by org.testng.reporters.JUnitXMLReporter -->
<testsuite ignored="0" hostname="Jexin" failures="0" tests="7" name="Test" time="53.332" errors="0" timestamp="2025-07-13T11:32:46 IST">
  <testcase classname="testCases.AccountRegistrationTest" name="verify_account_registration" time="2.181"/>
  <testcase classname="testCases.LoginAccountTest" name="verify_login" time="1.474"/>
  <testcase classname="testCases.LoginDataDrivenTest" name="verify_valid_and_invalid_login" time="2.143"/>
  <testcase classname="testCases.LoginDataDrivenTest" name="verify_valid_and_invalid_login" time="10.561"/>
  <testcase classname="testCases.LoginDataDrivenTest" name="verify_valid_and_invalid_login" time="2.452"/>
  <testcase classname="testCases.LoginDataDrivenTest" name="verify_valid_and_invalid_login" time="10.623"/>
  <testcase classname="testCases.LoginDataDrivenTest" name="verify_valid_and_invalid_login" time="11.335"/>
</testsuite> <!-- Test -->
