<?xml version="1.0" encoding="UTF-8"?>
<!-- Generated by org.testng.reporters.JUnitXMLReporter -->
<testsuite ignored="0" hostname="Jexin" failures="0" tests="7" name="Test" time="79.016" errors="0" timestamp="2025-07-10T10:17:04 IST">
  <testcase classname="testCases.AccountRegistrationTest" name="verify_account_registration" time="5.594"/>
  <testcase classname="testCases.LoginAccountTest" name="verify_login" time="3.37"/>
  <testcase classname="testCases.LoginDataDrivenTest" name="verify_valid_and_invalid_login" time="5.469"/>
  <testcase classname="testCases.LoginDataDrivenTest" name="verify_valid_and_invalid_login" time="13.002"/>
  <testcase classname="testCases.LoginDataDrivenTest" name="verify_valid_and_invalid_login" time="5.624"/>
  <testcase classname="testCases.LoginDataDrivenTest" name="verify_valid_and_invalid_login" time="12.989"/>
  <testcase classname="testCases.LoginDataDrivenTest" name="verify_valid_and_invalid_login" time="13.756"/>
</testsuite> <!-- Test -->
