<?xml version="1.0" encoding="UTF-8"?>
<testng-results ignored="0" total="7" passed="7" failed="0" skipped="0">
  <reporter-output>
  </reporter-output>
  <suite started-at="2025-07-12T21:46:31 IST" name="Master_suite" finished-at="2025-07-12T21:47:24 IST" duration-ms="52794">
    <groups>
      <group name="Sanity">
        <method signature="LoginAccountTest.verify_login()[pri:0, instance:testCases.LoginAccountTest@28701274]" name="verify_login" class="testCases.LoginAccountTest"/>
      </group> <!-- Sanity -->
      <group name="Regression">
        <method signature="AccountRegistrationTest.verify_account_registration()[pri:0, instance:testCases.AccountRegistrationTest@6771beb3]" name="verify_account_registration" class="testCases.AccountRegistrationTest"/>
        <method signature="LoginAccountTest.verify_login()[pri:0, instance:testCases.LoginAccountTest@28701274]" name="verify_login" class="testCases.LoginAccountTest"/>
        <method signature="LoginDataDrivenTest.verify_valid_and_invalid_login(java.lang.String,java.lang.String,java.lang.String)[pri:0, instance:testCases.LoginDataDrivenTest@13c9d689]" name="verify_valid_and_invalid_login" class="testCases.LoginDataDrivenTest"/>
      </group> <!-- Regression -->
    </groups>
    <test started-at="2025-07-12T21:46:31 IST" name="Test" finished-at="2025-07-12T21:47:24 IST" duration-ms="52794">
      <class name="testCases.AccountRegistrationTest">
        <test-method is-config="true" signature="setUp(java.lang.String,java.lang.String)[pri:0, instance:testCases.AccountRegistrationTest@6771beb3]" started-at="2025-07-12T21:46:31 IST" name="setUp" finished-at="2025-07-12T21:46:36 IST" duration-ms="4342" status="PASS">
          <params>
            <param index="0">
              <value>
                <![CDATA[chrome]]>
              </value>
            </param>
            <param index="1">
              <value>
                <![CDATA[windows]]>
              </value>
            </param>
          </params>
          <reporter-output>
          </reporter-output>
        </test-method> <!-- setUp -->
        <test-method signature="verify_account_registration()[pri:0, instance:testCases.AccountRegistrationTest@6771beb3]" started-at="2025-07-12T21:46:36 IST" name="verify_account_registration" finished-at="2025-07-12T21:46:38 IST" duration-ms="2004" status="PASS">
          <reporter-output>
          </reporter-output>
        </test-method> <!-- verify_account_registration -->
        <test-method is-config="true" signature="tearDown()[pri:0, instance:testCases.AccountRegistrationTest@6771beb3]" started-at="2025-07-12T21:46:38 IST" name="tearDown" finished-at="2025-07-12T21:46:38 IST" duration-ms="167" status="PASS">
          <reporter-output>
          </reporter-output>
        </test-method> <!-- tearDown -->
      </class> <!-- testCases.AccountRegistrationTest -->
      <class name="testCases.LoginDataDrivenTest">
        <test-method is-config="true" signature="setUp(java.lang.String,java.lang.String)[pri:0, instance:testCases.LoginDataDrivenTest@13c9d689]" started-at="2025-07-12T21:46:41 IST" name="setUp" finished-at="2025-07-12T21:46:46 IST" duration-ms="4201" status="PASS">
          <params>
            <param index="0">
              <value>
                <![CDATA[chrome]]>
              </value>
            </param>
            <param index="1">
              <value>
                <![CDATA[windows]]>
              </value>
            </param>
          </params>
          <reporter-output>
          </reporter-output>
        </test-method> <!-- setUp -->
        <test-method signature="verify_valid_and_invalid_login(java.lang.String,java.lang.String,java.lang.String)[pri:0, instance:testCases.LoginDataDrivenTest@13c9d689]" started-at="2025-07-12T21:46:47 IST" name="verify_valid_and_invalid_login" data-provider="LoginData" finished-at="2025-07-12T21:46:49 IST" duration-ms="2357" status="PASS">
          <params>
            <param index="0">
              <value>
                <![CDATA[beTBmXj@gmail.com]]>
              </value>
            </param>
            <param index="1">
              <value>
                <![CDATA[PJ5Gvo]]>
              </value>
            </param>
            <param index="2">
              <value>
                <![CDATA[valid]]>
              </value>
            </param>
          </params>
          <reporter-output>
          </reporter-output>
        </test-method> <!-- verify_valid_and_invalid_login -->
        <test-method signature="verify_valid_and_invalid_login(java.lang.String,java.lang.String,java.lang.String)[pri:0, instance:testCases.LoginDataDrivenTest@13c9d689]" started-at="2025-07-12T21:46:49 IST" name="verify_valid_and_invalid_login" data-provider="LoginData" finished-at="2025-07-12T21:47:00 IST" duration-ms="10863" status="PASS">
          <params>
            <param index="0">
              <value>
                <![CDATA[kisa@gmail.com]]>
              </value>
            </param>
            <param index="1">
              <value>
                <![CDATA[alkdsfj]]>
              </value>
            </param>
            <param index="2">
              <value>
                <![CDATA[invalid]]>
              </value>
            </param>
          </params>
          <reporter-output>
          </reporter-output>
        </test-method> <!-- verify_valid_and_invalid_login -->
        <test-method signature="verify_valid_and_invalid_login(java.lang.String,java.lang.String,java.lang.String)[pri:0, instance:testCases.LoginDataDrivenTest@13c9d689]" started-at="2025-07-12T21:47:00 IST" name="verify_valid_and_invalid_login" data-provider="LoginData" finished-at="2025-07-12T21:47:02 IST" duration-ms="2025" status="PASS">
          <params>
            <param index="0">
              <value>
                <![CDATA[kisa@gmail.com]]>
              </value>
            </param>
            <param index="1">
              <value>
                <![CDATA[rT0I02Wm]]>
              </value>
            </param>
            <param index="2">
              <value>
                <![CDATA[valid]]>
              </value>
            </param>
          </params>
          <reporter-output>
          </reporter-output>
        </test-method> <!-- verify_valid_and_invalid_login -->
        <test-method signature="verify_valid_and_invalid_login(java.lang.String,java.lang.String,java.lang.String)[pri:0, instance:testCases.LoginDataDrivenTest@13c9d689]" started-at="2025-07-12T21:47:02 IST" name="verify_valid_and_invalid_login" data-provider="LoginData" finished-at="2025-07-12T21:47:13 IST" duration-ms="11348" status="PASS">
          <params>
            <param index="0">
              <value>
                <![CDATA[]]>
              </value>
            </param>
            <param index="1">
              <value>
                <![CDATA[alsdfj]]>
              </value>
            </param>
            <param index="2">
              <value>
                <![CDATA[invalid]]>
              </value>
            </param>
          </params>
          <reporter-output>
          </reporter-output>
        </test-method> <!-- verify_valid_and_invalid_login -->
        <test-method signature="verify_valid_and_invalid_login(java.lang.String,java.lang.String,java.lang.String)[pri:0, instance:testCases.LoginDataDrivenTest@13c9d689]" started-at="2025-07-12T21:47:13 IST" name="verify_valid_and_invalid_login" data-provider="LoginData" finished-at="2025-07-12T21:47:24 IST" duration-ms="10660" status="PASS">
          <params>
            <param index="0">
              <value>
                <![CDATA[kisa@gmail.com]]>
              </value>
            </param>
            <param index="1">
              <value>
                <![CDATA[]]>
              </value>
            </param>
            <param index="2">
              <value>
                <![CDATA[invalid]]>
              </value>
            </param>
          </params>
          <reporter-output>
          </reporter-output>
        </test-method> <!-- verify_valid_and_invalid_login -->
        <test-method is-config="true" signature="tearDown()[pri:0, instance:testCases.LoginDataDrivenTest@13c9d689]" started-at="2025-07-12T21:47:24 IST" name="tearDown" finished-at="2025-07-12T21:47:24 IST" duration-ms="197" status="PASS">
          <reporter-output>
          </reporter-output>
        </test-method> <!-- tearDown -->
      </class> <!-- testCases.LoginDataDrivenTest -->
      <class name="testCases.LoginAccountTest">
        <test-method is-config="true" signature="setUp(java.lang.String,java.lang.String)[pri:0, instance:testCases.LoginAccountTest@28701274]" started-at="2025-07-12T21:46:38 IST" name="setUp" finished-at="2025-07-12T21:46:40 IST" duration-ms="1742" status="PASS">
          <params>
            <param index="0">
              <value>
                <![CDATA[chrome]]>
              </value>
            </param>
            <param index="1">
              <value>
                <![CDATA[windows]]>
              </value>
            </param>
          </params>
          <reporter-output>
          </reporter-output>
        </test-method> <!-- setUp -->
        <test-method signature="verify_login()[pri:0, instance:testCases.LoginAccountTest@28701274]" started-at="2025-07-12T21:46:40 IST" name="verify_login" finished-at="2025-07-12T21:46:41 IST" duration-ms="1480" status="PASS">
          <reporter-output>
          </reporter-output>
        </test-method> <!-- verify_login -->
        <test-method is-config="true" signature="tearDown()[pri:0, instance:testCases.LoginAccountTest@28701274]" started-at="2025-07-12T21:46:41 IST" name="tearDown" finished-at="2025-07-12T21:46:41 IST" duration-ms="169" status="PASS">
          <reporter-output>
          </reporter-output>
        </test-method> <!-- tearDown -->
      </class> <!-- testCases.LoginAccountTest -->
    </test> <!-- Test -->
  </suite> <!-- Master_suite -->
</testng-results>
