<?xml version="1.0" encoding="UTF-8"?>
<testsuite xmlns:xsi="http://www.w3.org/2001/XMLSchema-instance" xsi:noNamespaceSchemaLocation="https://maven.apache.org/surefire/maven-surefire-plugin/xsd/surefire-test-report.xsd" version="3.0.2" name="TestSuite" time="55.562" tests="7" errors="0" skipped="0" failures="0">
  <properties>
[...]
</properties>
  <testcase name="verify_account_registration" classname="testCases.AccountRegistrationTest" time="2.022">
    <system-out><![CDATA[2025-07-12 21:46:36.339 [main] INFO  chrome testCases.AccountRegistrationTest - Account registration test started
2025-07-12 21:46:36.448 [main] DEBUG chrome testCases.AccountRegistrationTest - Clicked on My Account link
2025-07-12 21:46:36.939 [main] DEBUG chrome testCases.AccountRegistrationTest - Clicked on Register link
2025-07-12 21:46:37.040 [main] DEBUG chrome testCases.AccountRegistrationTest - First name entered: CYXCItgw
2025-07-12 21:46:37.104 [main] DEBUG chrome testCases.AccountRegistrationTest - Last name entered:VXUVUcAAm
2025-07-12 21:46:37.172 [main] DEBUG chrome testCases.AccountRegistrationTest - Email entered: FfMqqV@gmail.com
2025-07-12 21:46:37.226 [main] DEBUG chrome testCases.AccountRegistrationTest - Telephone number entered: 6182337934
2025-07-12 21:46:37.269 [main] DEBUG chrome testCases.AccountRegistrationTest - Password entered: Yg9FpkrmY
2025-07-12 21:46:37.320 [main] DEBUG chrome testCases.AccountRegistrationTest - Confirm Password entered: Yg9FpkrmY 
2025-07-12 21:46:37.377 [main] DEBUG chrome testCases.AccountRegistrationTest - Clicked on NewsLetter radio button -Yes 
2025-07-12 21:46:37.435 [main] DEBUG chrome testCases.AccountRegistrationTest - Checked on Privacy & Policy check box 
2025-07-12 21:46:37.513 [main] DEBUG chrome testCases.AccountRegistrationTest - Clicked on Register submit button
2025-07-12 21:46:38.332 [main] DEBUG chrome testCases.AccountRegistrationTest - Post register success message retrieved
2025-07-12 21:46:38.335 [main] INFO  chrome testCases.AccountRegistrationTest - Account registered successfully
2025-07-12 21:46:38.335 [main] INFO  chrome testCases.AccountRegistrationTest - Account registration test completed
]]></system-out>
    <system-err><![CDATA[SLF4J(W): No SLF4J providers were found.
SLF4J(W): Defaulting to no-operation (NOP) logger implementation
SLF4J(W): See https://www.slf4j.org/codes.html#noProviders for further details.
]]></system-err>
  </testcase>
  <testcase name="verify_login" classname="testCases.LoginAccountTest" time="1.482">
    <system-out><![CDATA[2025-07-12 21:46:40.268 [main] INFO  chrome testCases.LoginAccountTest - Login test started
2025-07-12 21:46:40.345 [main] DEBUG chrome testCases.LoginAccountTest - Clicked on My Account link
2025-07-12 21:46:40.705 [main] DEBUG chrome testCases.LoginAccountTest - Clicked on Login link
2025-07-12 21:46:40.794 [main] DEBUG chrome testCases.LoginAccountTest - Entered email
2025-07-12 21:46:40.844 [main] DEBUG chrome testCases.LoginAccountTest - Entered password
2025-07-12 21:46:40.899 [main] DEBUG chrome testCases.LoginAccountTest - Clicked on login button
2025-07-12 21:46:41.747 [main] DEBUG chrome testCases.LoginAccountTest - My Account text is present
2025-07-12 21:46:41.748 [main] INFO  chrome testCases.LoginAccountTest - Login test completed
]]></system-out>
  </testcase>
  <testcase name="verify_valid_and_invalid_login[beTBmXj@gmail.com, PJ5Gvo, valid](1)" classname="testCases.LoginDataDrivenTest" time="2.36">
    <system-out><![CDATA[2025-07-12 21:46:46.329 [main] DEBUG chrome org.apache.poi.openxml4j.opc.PackageRelationshipCollection - Parsing relationship: /xl/_rels/workbook.xml.rels
2025-07-12 21:46:46.344 [main] DEBUG chrome org.apache.poi.openxml4j.opc.PackageRelationshipCollection - Parsing relationship: /xl/worksheets/_rels/sheet1.xml.rels
2025-07-12 21:46:46.347 [main] DEBUG chrome org.apache.poi.openxml4j.opc.PackageRelationshipCollection - Parsing relationship: /_rels/.rels
2025-07-12 21:46:46.838 [main] DEBUG chrome org.apache.poi.openxml4j.opc.PackageRelationshipCollection - Parsing relationship: /xl/_rels/workbook.xml.rels
2025-07-12 21:46:46.840 [main] DEBUG chrome org.apache.poi.openxml4j.opc.PackageRelationshipCollection - Parsing relationship: /xl/worksheets/_rels/sheet1.xml.rels
2025-07-12 21:46:46.842 [main] DEBUG chrome org.apache.poi.openxml4j.opc.PackageRelationshipCollection - Parsing relationship: /_rels/.rels
2025-07-12 21:46:46.863 [main] DEBUG chrome org.apache.poi.openxml4j.opc.PackageRelationshipCollection - Parsing relationship: /xl/_rels/workbook.xml.rels
2025-07-12 21:46:46.863 [main] DEBUG chrome org.apache.poi.openxml4j.opc.PackageRelationshipCollection - Parsing relationship: /xl/worksheets/_rels/sheet1.xml.rels
2025-07-12 21:46:46.863 [main] DEBUG chrome org.apache.poi.openxml4j.opc.PackageRelationshipCollection - Parsing relationship: /_rels/.rels
2025-07-12 21:46:46.895 [main] DEBUG chrome org.apache.poi.openxml4j.opc.PackageRelationshipCollection - Parsing relationship: /xl/_rels/workbook.xml.rels
2025-07-12 21:46:46.895 [main] DEBUG chrome org.apache.poi.openxml4j.opc.PackageRelationshipCollection - Parsing relationship: /xl/worksheets/_rels/sheet1.xml.rels
2025-07-12 21:46:46.895 [main] DEBUG chrome org.apache.poi.openxml4j.opc.PackageRelationshipCollection - Parsing relationship: /_rels/.rels
2025-07-12 21:46:46.910 [main] DEBUG chrome org.apache.poi.openxml4j.opc.PackageRelationshipCollection - Parsing relationship: /xl/_rels/workbook.xml.rels
2025-07-12 21:46:46.910 [main] DEBUG chrome org.apache.poi.openxml4j.opc.PackageRelationshipCollection - Parsing relationship: /xl/worksheets/_rels/sheet1.xml.rels
2025-07-12 21:46:46.910 [main] DEBUG chrome org.apache.poi.openxml4j.opc.PackageRelationshipCollection - Parsing relationship: /_rels/.rels
2025-07-12 21:46:46.926 [main] DEBUG chrome org.apache.poi.openxml4j.opc.PackageRelationshipCollection - Parsing relationship: /xl/_rels/workbook.xml.rels
2025-07-12 21:46:46.926 [main] DEBUG chrome org.apache.poi.openxml4j.opc.PackageRelationshipCollection - Parsing relationship: /xl/worksheets/_rels/sheet1.xml.rels
2025-07-12 21:46:46.926 [main] DEBUG chrome org.apache.poi.openxml4j.opc.PackageRelationshipCollection - Parsing relationship: /_rels/.rels
2025-07-12 21:46:46.942 [main] DEBUG chrome org.apache.poi.openxml4j.opc.PackageRelationshipCollection - Parsing relationship: /xl/_rels/workbook.xml.rels
2025-07-12 21:46:46.942 [main] DEBUG chrome org.apache.poi.openxml4j.opc.PackageRelationshipCollection - Parsing relationship: /xl/worksheets/_rels/sheet1.xml.rels
2025-07-12 21:46:46.942 [main] DEBUG chrome org.apache.poi.openxml4j.opc.PackageRelationshipCollection - Parsing relationship: /_rels/.rels
2025-07-12 21:46:46.959 [main] DEBUG chrome org.apache.poi.openxml4j.opc.PackageRelationshipCollection - Parsing relationship: /xl/_rels/workbook.xml.rels
2025-07-12 21:46:46.959 [main] DEBUG chrome org.apache.poi.openxml4j.opc.PackageRelationshipCollection - Parsing relationship: /xl/worksheets/_rels/sheet1.xml.rels
2025-07-12 21:46:46.959 [main] DEBUG chrome org.apache.poi.openxml4j.opc.PackageRelationshipCollection - Parsing relationship: /_rels/.rels
2025-07-12 21:46:46.978 [main] DEBUG chrome org.apache.poi.openxml4j.opc.PackageRelationshipCollection - Parsing relationship: /xl/_rels/workbook.xml.rels
2025-07-12 21:46:46.978 [main] DEBUG chrome org.apache.poi.openxml4j.opc.PackageRelationshipCollection - Parsing relationship: /xl/worksheets/_rels/sheet1.xml.rels
2025-07-12 21:46:46.978 [main] DEBUG chrome org.apache.poi.openxml4j.opc.PackageRelationshipCollection - Parsing relationship: /_rels/.rels
2025-07-12 21:46:46.990 [main] DEBUG chrome org.apache.poi.openxml4j.opc.PackageRelationshipCollection - Parsing relationship: /xl/_rels/workbook.xml.rels
2025-07-12 21:46:46.990 [main] DEBUG chrome org.apache.poi.openxml4j.opc.PackageRelationshipCollection - Parsing relationship: /xl/worksheets/_rels/sheet1.xml.rels
2025-07-12 21:46:46.990 [main] DEBUG chrome org.apache.poi.openxml4j.opc.PackageRelationshipCollection - Parsing relationship: /_rels/.rels
2025-07-12 21:46:47.006 [main] DEBUG chrome org.apache.poi.openxml4j.opc.PackageRelationshipCollection - Parsing relationship: /xl/_rels/workbook.xml.rels
2025-07-12 21:46:47.006 [main] DEBUG chrome org.apache.poi.openxml4j.opc.PackageRelationshipCollection - Parsing relationship: /xl/worksheets/_rels/sheet1.xml.rels
2025-07-12 21:46:47.006 [main] DEBUG chrome org.apache.poi.openxml4j.opc.PackageRelationshipCollection - Parsing relationship: /_rels/.rels
2025-07-12 21:46:47.021 [main] DEBUG chrome org.apache.poi.openxml4j.opc.PackageRelationshipCollection - Parsing relationship: /xl/_rels/workbook.xml.rels
2025-07-12 21:46:47.021 [main] DEBUG chrome org.apache.poi.openxml4j.opc.PackageRelationshipCollection - Parsing relationship: /xl/worksheets/_rels/sheet1.xml.rels
2025-07-12 21:46:47.022 [main] DEBUG chrome org.apache.poi.openxml4j.opc.PackageRelationshipCollection - Parsing relationship: /_rels/.rels
2025-07-12 21:46:47.022 [main] DEBUG chrome org.apache.poi.openxml4j.opc.PackageRelationshipCollection - Parsing relationship: /xl/_rels/workbook.xml.rels
2025-07-12 21:46:47.022 [main] DEBUG chrome org.apache.poi.openxml4j.opc.PackageRelationshipCollection - Parsing relationship: /xl/worksheets/_rels/sheet1.xml.rels
2025-07-12 21:46:47.022 [main] DEBUG chrome org.apache.poi.openxml4j.opc.PackageRelationshipCollection - Parsing relationship: /_rels/.rels
2025-07-12 21:46:47.044 [main] DEBUG chrome org.apache.poi.openxml4j.opc.PackageRelationshipCollection - Parsing relationship: /xl/_rels/workbook.xml.rels
2025-07-12 21:46:47.044 [main] DEBUG chrome org.apache.poi.openxml4j.opc.PackageRelationshipCollection - Parsing relationship: /xl/worksheets/_rels/sheet1.xml.rels
2025-07-12 21:46:47.044 [main] DEBUG chrome org.apache.poi.openxml4j.opc.PackageRelationshipCollection - Parsing relationship: /_rels/.rels
2025-07-12 21:46:47.065 [main] DEBUG chrome org.apache.poi.openxml4j.opc.PackageRelationshipCollection - Parsing relationship: /xl/_rels/workbook.xml.rels
2025-07-12 21:46:47.065 [main] DEBUG chrome org.apache.poi.openxml4j.opc.PackageRelationshipCollection - Parsing relationship: /xl/worksheets/_rels/sheet1.xml.rels
2025-07-12 21:46:47.065 [main] DEBUG chrome org.apache.poi.openxml4j.opc.PackageRelationshipCollection - Parsing relationship: /_rels/.rels
2025-07-12 21:46:47.094 [main] DEBUG chrome org.apache.poi.openxml4j.opc.PackageRelationshipCollection - Parsing relationship: /xl/_rels/workbook.xml.rels
2025-07-12 21:46:47.095 [main] DEBUG chrome org.apache.poi.openxml4j.opc.PackageRelationshipCollection - Parsing relationship: /xl/worksheets/_rels/sheet1.xml.rels
2025-07-12 21:46:47.096 [main] DEBUG chrome org.apache.poi.openxml4j.opc.PackageRelationshipCollection - Parsing relationship: /_rels/.rels
2025-07-12 21:46:47.117 [main] DEBUG chrome org.apache.poi.openxml4j.opc.PackageRelationshipCollection - Parsing relationship: /xl/_rels/workbook.xml.rels
2025-07-12 21:46:47.118 [main] DEBUG chrome org.apache.poi.openxml4j.opc.PackageRelationshipCollection - Parsing relationship: /xl/worksheets/_rels/sheet1.xml.rels
2025-07-12 21:46:47.120 [main] DEBUG chrome org.apache.poi.openxml4j.opc.PackageRelationshipCollection - Parsing relationship: /_rels/.rels
2025-07-12 21:46:47.149 [main] INFO  chrome testCases.LoginDataDrivenTest - valid login test started
2025-07-12 21:46:47.248 [main] DEBUG chrome testCases.LoginDataDrivenTest - Clicked on My Account link
2025-07-12 21:46:47.675 [main] DEBUG chrome testCases.LoginDataDrivenTest - Clicked on Login link
2025-07-12 21:46:47.772 [main] DEBUG chrome testCases.LoginDataDrivenTest - Entered email
2025-07-12 21:46:47.843 [main] DEBUG chrome testCases.LoginDataDrivenTest - Entered password
2025-07-12 21:46:47.945 [main] DEBUG chrome testCases.LoginDataDrivenTest - Clicked on login button
2025-07-12 21:46:48.674 [main] DEBUG chrome testCases.LoginDataDrivenTest - My Account text is present
2025-07-12 21:46:48.674 [main] INFO  chrome testCases.LoginDataDrivenTest - Login successful with valid credential
2025-07-12 21:46:49.122 [main] DEBUG chrome testCases.LoginDataDrivenTest - Clicked on Logout link on Account page
2025-07-12 21:46:49.503 [main] DEBUG chrome testCases.LoginDataDrivenTest - Clicked on Logout link on Account page
2025-07-12 21:46:49.503 [main] INFO  chrome testCases.LoginDataDrivenTest - valid login test completed
]]></system-out>
  </testcase>
  <testcase name="verify_valid_and_invalid_login[kisa@gmail.com, alkdsfj, invalid](2)" classname="testCases.LoginDataDrivenTest" time="10.862">
    <system-out><![CDATA[2025-07-12 21:46:49.507 [main] INFO  chrome testCases.LoginDataDrivenTest - invalid login test started
2025-07-12 21:46:49.565 [main] DEBUG chrome testCases.LoginDataDrivenTest - Clicked on My Account link
2025-07-12 21:46:50.197 [main] DEBUG chrome testCases.LoginDataDrivenTest - Clicked on Login link
2025-07-12 21:46:50.265 [main] DEBUG chrome testCases.LoginDataDrivenTest - Entered email
2025-07-12 21:46:50.310 [main] DEBUG chrome testCases.LoginDataDrivenTest - Entered password
2025-07-12 21:46:50.356 [main] DEBUG chrome testCases.LoginDataDrivenTest - Clicked on login button
2025-07-12 21:47:00.370 [main] DEBUG chrome testCases.LoginDataDrivenTest - Exception while fetching My Account text
2025-07-12 21:47:00.370 [main] INFO  chrome testCases.LoginDataDrivenTest - Unable to login with invalid credential
2025-07-12 21:47:00.370 [main] INFO  chrome testCases.LoginDataDrivenTest - invalid login test completed
]]></system-out>
  </testcase>
  <testcase name="verify_valid_and_invalid_login[kisa@gmail.com, rT0I02Wm, valid](3)" classname="testCases.LoginDataDrivenTest" time="2.025">
    <system-out><![CDATA[2025-07-12 21:47:00.370 [main] INFO  chrome testCases.LoginDataDrivenTest - valid login test started
2025-07-12 21:47:00.448 [main] DEBUG chrome testCases.LoginDataDrivenTest - Clicked on My Account link
2025-07-12 21:47:00.764 [main] DEBUG chrome testCases.LoginDataDrivenTest - Clicked on Login link
2025-07-12 21:47:00.831 [main] DEBUG chrome testCases.LoginDataDrivenTest - Entered email
2025-07-12 21:47:00.860 [main] DEBUG chrome testCases.LoginDataDrivenTest - Entered password
2025-07-12 21:47:00.912 [main] DEBUG chrome testCases.LoginDataDrivenTest - Clicked on login button
2025-07-12 21:47:01.576 [main] DEBUG chrome testCases.LoginDataDrivenTest - My Account text is present
2025-07-12 21:47:01.576 [main] INFO  chrome testCases.LoginDataDrivenTest - Login successful with valid credential
2025-07-12 21:47:02.088 [main] DEBUG chrome testCases.LoginDataDrivenTest - Clicked on Logout link on Account page
2025-07-12 21:47:02.395 [main] DEBUG chrome testCases.LoginDataDrivenTest - Clicked on Logout link on Account page
2025-07-12 21:47:02.395 [main] INFO  chrome testCases.LoginDataDrivenTest - valid login test completed
]]></system-out>
  </testcase>
  <testcase name="verify_valid_and_invalid_login[, alsdfj, invalid](4)" classname="testCases.LoginDataDrivenTest" time="11.348">
    <system-out><![CDATA[2025-07-12 21:47:02.395 [main] INFO  chrome testCases.LoginDataDrivenTest - invalid login test started
2025-07-12 21:47:02.454 [main] DEBUG chrome testCases.LoginDataDrivenTest - Clicked on My Account link
2025-07-12 21:47:02.772 [main] DEBUG chrome testCases.LoginDataDrivenTest - Clicked on Login link
2025-07-12 21:47:02.828 [main] DEBUG chrome testCases.LoginDataDrivenTest - Entered email
2025-07-12 21:47:02.871 [main] DEBUG chrome testCases.LoginDataDrivenTest - Entered password
2025-07-12 21:47:02.923 [main] DEBUG chrome testCases.LoginDataDrivenTest - Clicked on login button
2025-07-12 21:47:13.739 [main] DEBUG chrome testCases.LoginDataDrivenTest - Exception while fetching My Account text
2025-07-12 21:47:13.739 [main] INFO  chrome testCases.LoginDataDrivenTest - Unable to login with invalid credential
2025-07-12 21:47:13.743 [main] INFO  chrome testCases.LoginDataDrivenTest - invalid login test completed
]]></system-out>
  </testcase>
  <testcase name="verify_valid_and_invalid_login[kisa@gmail.com, , invalid](5)" classname="testCases.LoginDataDrivenTest" time="10.67">
    <system-out><![CDATA[2025-07-12 21:47:13.743 [main] INFO  chrome testCases.LoginDataDrivenTest - invalid login test started
2025-07-12 21:47:13.807 [main] DEBUG chrome testCases.LoginDataDrivenTest - Clicked on My Account link
2025-07-12 21:47:14.211 [main] DEBUG chrome testCases.LoginDataDrivenTest - Clicked on Login link
2025-07-12 21:47:14.282 [main] DEBUG chrome testCases.LoginDataDrivenTest - Entered email
2025-07-12 21:47:14.314 [main] DEBUG chrome testCases.LoginDataDrivenTest - Entered password
2025-07-12 21:47:14.364 [main] DEBUG chrome testCases.LoginDataDrivenTest - Clicked on login button
2025-07-12 21:47:24.403 [main] DEBUG chrome testCases.LoginDataDrivenTest - Exception while fetching My Account text
2025-07-12 21:47:24.403 [main] INFO  chrome testCases.LoginDataDrivenTest - Unable to login with invalid credential
2025-07-12 21:47:24.403 [main] INFO  chrome testCases.LoginDataDrivenTest - invalid login test completed
]]></system-out>
  </testcase>
</testsuite>