<?xml version="1.0" encoding="UTF-8"?>
<testng-results ignored="2" total="3" passed="1" failed="0" skipped="0">
  <reporter-output>
  </reporter-output>
  <suite started-at="2025-07-11T09:59:21 IST" name="DockerExecution_suite" finished-at="2025-07-11T09:59:31 IST" duration-ms="10304">
    <groups>
      <group name="Sanity">
        <method signature="LoginAccountTest.verify_login()[pri:0, instance:testCases.LoginAccountTest@38102d01]" name="verify_login" class="testCases.LoginAccountTest"/>
      </group> <!-- Sanity -->
      <group name="Regression">
        <method signature="LoginAccountTest.verify_login()[pri:0, instance:testCases.LoginAccountTest@38102d01]" name="verify_login" class="testCases.LoginAccountTest"/>
      </group> <!-- Regression -->
    </groups>
    <test started-at="2025-07-11T09:59:21 IST" name="Test" finished-at="2025-07-11T09:59:31 IST" duration-ms="10304">
      <class name="testCases.LoginAccountTest">
        <test-method is-config="true" signature="setUp(java.lang.String,java.lang.String)[pri:0, instance:testCases.LoginAccountTest@38102d01]" started-at="2025-07-11T09:59:21 IST" name="setUp" finished-at="2025-07-11T09:59:28 IST" duration-ms="6927" status="PASS">
          <params>
            <param index="0">
              <value>
                <![CDATA[firefox]]>
              </value>
            </param>
            <param index="1">
              <value>
                <![CDATA[linux]]>
              </value>
            </param>
          </params>
          <reporter-output>
          </reporter-output>
        </test-method> <!-- setUp -->
        <test-method signature="verify_login()[pri:0, instance:testCases.LoginAccountTest@38102d01]" started-at="2025-07-11T09:59:28 IST" name="verify_login" finished-at="2025-07-11T09:59:30 IST" duration-ms="1925" status="PASS">
          <reporter-output>
          </reporter-output>
        </test-method> <!-- verify_login -->
        <test-method is-config="true" signature="tearDown()[pri:0, instance:testCases.LoginAccountTest@38102d01]" started-at="2025-07-11T09:59:30 IST" name="tearDown" finished-at="2025-07-11T09:59:31 IST" duration-ms="1092" status="PASS">
          <reporter-output>
          </reporter-output>
        </test-method> <!-- tearDown -->
      </class> <!-- testCases.LoginAccountTest -->
    </test> <!-- Test -->
  </suite> <!-- DockerExecution_suite -->
</testng-results>
