<?xml version="1.0" encoding="UTF-8"?>
<!-- Generated by org.testng.reporters.JUnitXMLReporter -->
<testsuite ignored="2" hostname="Jexin" failures="0" tests="1" name="Test" time="10.304" errors="0" timestamp="2025-07-11T09:59:33 IST">
  <testcase classname="testCases.LoginAccountTest" name="verify_login" time="1.925"/>
  <testcase classname="testCases.AccountRegistrationTest" name="verify_account_registration" time="0.0">
    <ignored/>
  </testcase> <!-- verify_account_registration -->
  <testcase classname="testCases.LoginDataDrivenTest" name="verify_valid_and_invalid_login" time="0.0">
    <ignored/>
  </testcase> <!-- verify_valid_and_invalid_login -->
</testsuite> <!-- Test -->
